Traceback (most recent call last):
  File "C:\Users\Barry\anaconda3\lib\site-packages\jupyter_cache\executors\utils.py", line 58, in single_nb_execution
    executenb(
  File "C:\Users\Barry\anaconda3\lib\site-packages\nbclient\client.py", line 1204, in execute
    return NotebookClient(nb=nb, resources=resources, km=km, **kwargs).execute()
  File "C:\Users\Barry\anaconda3\lib\site-packages\nbclient\util.py", line 84, in wrapped
    return just_run(coro(*args, **kwargs))
  File "C:\Users\Barry\anaconda3\lib\site-packages\nbclient\util.py", line 62, in just_run
    return loop.run_until_complete(coro)
  File "C:\Users\Barry\anaconda3\lib\asyncio\base_events.py", line 647, in run_until_complete
    return future.result()
  File "C:\Users\Barry\anaconda3\lib\site-packages\nbclient\client.py", line 663, in async_execute
    await self.async_execute_cell(
  File "C:\Users\Barry\anaconda3\lib\site-packages\nbclient\client.py", line 965, in async_execute_cell
    await self._check_raise_for_error(cell, cell_index, exec_reply)
  File "C:\Users\Barry\anaconda3\lib\site-packages\nbclient\client.py", line 862, in _check_raise_for_error
    raise CellExecutionError.from_cell_and_msg(cell, exec_reply_content)
nbclient.exceptions.CellExecutionError: An error occurred while executing the following cell:
------------------
node_subjects = phenotypes['Smoking'].iloc[g.ndata['idx'].detach().cpu().numpy()].reset_index(drop=True) # Get node target labels from meta data
node_subjects.name = 'Smoking'
train_tmp_index , test_index = train_test_split(
    node_subjects.index, train_size=0.6, stratify=node_subjects
    )
train_index , val_index = train_test_split(
    train_tmp_index, train_size=0.8, stratify=node_subjects.loc[train_tmp_index]
    )
------------------

[1;31m---------------------------------------------------------------------------[0m
[1;31mNameError[0m                                 Traceback (most recent call last)
Input [1;32mIn [9][0m, in [0;36m<cell line: 1>[1;34m()[0m
[1;32m----> 1[0m node_subjects [38;5;241m=[39m phenotypes[[38;5;124m'[39m[38;5;124mSmoking[39m[38;5;124m'[39m][38;5;241m.[39miloc[[43mg[49m[38;5;241m.[39mndata[[38;5;124m'[39m[38;5;124midx[39m[38;5;124m'[39m][38;5;241m.[39mdetach()[38;5;241m.[39mcpu()[38;5;241m.[39mnumpy()][38;5;241m.[39mreset_index(drop[38;5;241m=[39m[38;5;28;01mTrue[39;00m) [38;5;66;03m# Get node target labels from meta data[39;00m
[0;32m      2[0m node_subjects[38;5;241m.[39mname [38;5;241m=[39m [38;5;124m'[39m[38;5;124mSmoking[39m[38;5;124m'[39m
[0;32m      3[0m train_tmp_index , test_index [38;5;241m=[39m train_test_split(
[0;32m      4[0m     node_subjects[38;5;241m.[39mindex, train_size[38;5;241m=[39m[38;5;241m0.6[39m, stratify[38;5;241m=[39mnode_subjects
[0;32m      5[0m     )

[1;31mNameError[0m: name 'g' is not defined
NameError: name 'g' is not defined

