Traceback (most recent call last):
  File "C:\Users\Barry\anaconda3\lib\site-packages\jupyter_cache\executors\utils.py", line 58, in single_nb_execution
    executenb(
  File "C:\Users\Barry\anaconda3\lib\site-packages\nbclient\client.py", line 1204, in execute
    return NotebookClient(nb=nb, resources=resources, km=km, **kwargs).execute()
  File "C:\Users\Barry\anaconda3\lib\site-packages\nbclient\util.py", line 84, in wrapped
    return just_run(coro(*args, **kwargs))
  File "C:\Users\Barry\anaconda3\lib\site-packages\nbclient\util.py", line 62, in just_run
    return loop.run_until_complete(coro)
  File "C:\Users\Barry\anaconda3\lib\asyncio\base_events.py", line 647, in run_until_complete
    return future.result()
  File "C:\Users\Barry\anaconda3\lib\site-packages\nbclient\client.py", line 663, in async_execute
    await self.async_execute_cell(
  File "C:\Users\Barry\anaconda3\lib\site-packages\nbclient\client.py", line 965, in async_execute_cell
    await self._check_raise_for_error(cell, cell_index, exec_reply)
  File "C:\Users\Barry\anaconda3\lib\site-packages\nbclient\client.py", line 862, in _check_raise_for_error
    raise CellExecutionError.from_cell_and_msg(cell, exec_reply_content)
nbclient.exceptions.CellExecutionError: An error occurred while executing the following cell:
------------------
node_colour = phenotypes['Smoking'].astype('category').cat.set_categories(wesanderson.FantasticFox2_5.hex_colors , rename=True)

print(f"{phenotypes['Smoking'].astype('category').cat.categories[0]} : 0 \n{phenotypes['Smoking'].astype('category').cat.categories[1]} : 1")

G = plot_knn_network(abs_bicorr(w1_filt.T) , 15 , phenotypes['Smoking'] , node_colours=node_colour)
plt.title('EWAS Smoking Patient Similarity Network')
legend_handles = gen_graph_legend(node_colour , G , 'label')
plt.legend(handles = legend_handles)
plt.show()
------------------

[1;31m---------------------------------------------------------------------------[0m
[1;31mNameError[0m                                 Traceback (most recent call last)
Input [1;32mIn [12][0m, in [0;36m<cell line: 1>[1;34m()[0m
[1;32m----> 1[0m node_colour [38;5;241m=[39m phenotypes[[38;5;124m'[39m[38;5;124mSmoking[39m[38;5;124m'[39m][38;5;241m.[39mastype([38;5;124m'[39m[38;5;124mcategory[39m[38;5;124m'[39m)[38;5;241m.[39mcat[38;5;241m.[39mset_categories([43mwesanderson[49m[38;5;241m.[39mFantasticFox2_5[38;5;241m.[39mhex_colors , rename[38;5;241m=[39m[38;5;28;01mTrue[39;00m)
[0;32m      3[0m [38;5;28mprint[39m([38;5;124mf[39m[38;5;124m"[39m[38;5;132;01m{[39;00mphenotypes[[38;5;124m'[39m[38;5;124mSmoking[39m[38;5;124m'[39m][38;5;241m.[39mastype([38;5;124m'[39m[38;5;124mcategory[39m[38;5;124m'[39m)[38;5;241m.[39mcat[38;5;241m.[39mcategories[[38;5;241m0[39m][38;5;132;01m}[39;00m[38;5;124m : 0 [39m[38;5;130;01m\n[39;00m[38;5;132;01m{[39;00mphenotypes[[38;5;124m'[39m[38;5;124mSmoking[39m[38;5;124m'[39m][38;5;241m.[39mastype([38;5;124m'[39m[38;5;124mcategory[39m[38;5;124m'[39m)[38;5;241m.[39mcat[38;5;241m.[39mcategories[[38;5;241m1[39m][38;5;132;01m}[39;00m[38;5;124m : 1[39m[38;5;124m"[39m)
[0;32m      5[0m G [38;5;241m=[39m plot_knn_network(abs_bicorr(w1_filt[38;5;241m.[39mT) , [38;5;241m15[39m , phenotypes[[38;5;124m'[39m[38;5;124mSmoking[39m[38;5;124m'[39m] , node_colours[38;5;241m=[39mnode_colour)

[1;31mNameError[0m: name 'wesanderson' is not defined
NameError: name 'wesanderson' is not defined

